c:\users\ceren\downloads\assignment4-dist\assignment4-dist\build\win32_release\framework\defs.obj
c:\users\ceren\downloads\assignment4-dist\assignment4-dist\build\win32_release\framework\math.obj
c:\users\ceren\downloads\assignment4-dist\assignment4-dist\build\win32_release\framework\sort.obj
c:\users\ceren\downloads\assignment4-dist\assignment4-dist\build\win32_release\framework\unionfind.obj
c:\users\ceren\downloads\assignment4-dist\assignment4-dist\build\win32_release\framework\image.obj
c:\users\ceren\downloads\assignment4-dist\assignment4-dist\build\win32_release\framework\mesh.obj
c:\users\ceren\downloads\assignment4-dist\assignment4-dist\build\win32_release\framework\cudacompiler.obj
c:\users\ceren\downloads\assignment4-dist\assignment4-dist\build\win32_release\framework\imagebinaryio.obj
c:\users\ceren\downloads\assignment4-dist\assignment4-dist\build\win32_release\framework\imagepfmio.obj
c:\users\ceren\downloads\assignment4-dist\assignment4-dist\build\win32_release\framework\imagetargaio.obj
c:\users\ceren\downloads\assignment4-dist\assignment4-dist\build\win32_release\framework\statedump.obj
c:\users\ceren\downloads\assignment4-dist\assignment4-dist\build\win32_release\framework\deque.obj
c:\users\ceren\downloads\assignment4-dist\assignment4-dist\build\win32_release\framework\hash.obj
c:\users\ceren\downloads\assignment4-dist\assignment4-dist\build\win32_release\framework\multicorelauncher.obj
c:\users\ceren\downloads\assignment4-dist\assignment4-dist\build\win32_release\framework\timer.obj
c:\users\ceren\downloads\assignment4-dist\assignment4-dist\build\win32_release\framework\commoncontrols.obj
c:\users\ceren\downloads\assignment4-dist\assignment4-dist\build\win32_release\framework\convexpolyhedron.obj
c:\users\ceren\downloads\assignment4-dist\assignment4-dist\build\win32_release\framework\textureatlas.obj
c:\users\ceren\downloads\assignment4-dist\assignment4-dist\build\win32_release\framework\aviexporter.obj
c:\users\ceren\downloads\assignment4-dist\assignment4-dist\build\win32_release\framework\imagebmpio.obj
c:\users\ceren\downloads\assignment4-dist\assignment4-dist\build\win32_release\framework\imagerawpngio.obj
c:\users\ceren\downloads\assignment4-dist\assignment4-dist\build\win32_release\framework\meshbinaryio.obj
c:\users\ceren\downloads\assignment4-dist\assignment4-dist\build\win32_release\framework\array.obj
c:\users\ceren\downloads\assignment4-dist\assignment4-dist\build\win32_release\framework\main.obj
c:\users\ceren\downloads\assignment4-dist\assignment4-dist\build\win32_release\framework\string.obj
c:\users\ceren\downloads\assignment4-dist\assignment4-dist\build\win32_release\framework\cudakernel.obj
c:\users\ceren\downloads\assignment4-dist\assignment4-dist\build\win32_release\framework\window.obj
c:\users\ceren\downloads\assignment4-dist\assignment4-dist\build\win32_release\framework\texture.obj
c:\users\ceren\downloads\assignment4-dist\assignment4-dist\build\win32_release\framework\cudamodule.obj
c:\users\ceren\downloads\assignment4-dist\assignment4-dist\build\win32_release\framework\file.obj
c:\users\ceren\downloads\assignment4-dist\assignment4-dist\build\win32_release\framework\imagelodepngio.obj
c:\users\ceren\downloads\assignment4-dist\assignment4-dist\build\win32_release\framework\meshwavefrontio.obj
c:\users\ceren\downloads\assignment4-dist\assignment4-dist\build\win32_release\framework\binaryheap.obj
c:\users\ceren\downloads\assignment4-dist\assignment4-dist\build\win32_release\framework\dllimports.obj
c:\users\ceren\downloads\assignment4-dist\assignment4-dist\build\win32_release\framework\random.obj
c:\users\ceren\downloads\assignment4-dist\assignment4-dist\build\win32_release\framework\thread.obj
c:\users\ceren\downloads\assignment4-dist\assignment4-dist\build\win32_release\framework\keys.obj
c:\users\ceren\downloads\assignment4-dist\assignment4-dist\build\win32_release\framework\cameracontrols.obj
c:\users\ceren\downloads\assignment4-dist\assignment4-dist\build\win32_release\framework\buffer.obj
c:\users\ceren\downloads\assignment4-dist\assignment4-dist\build\win32_release\framework\glcontext.obj
c:\users\ceren\downloads\assignment4-dist\assignment4-dist\build\win32_release\framework\imagetiffio.obj
c:\users\ceren\downloads\assignment4-dist\assignment4-dist\build\win32_release\framework\stream.obj
c:\users\ceren\downloads\assignment4-dist\assignment4-dist\build\win32_release\framework\vc120.pdb
c:\users\ceren\downloads\assignment4-dist\assignment4-dist\build\win32_release\framework\lodepng.obj
c:\users\ceren\downloads\assignment4-dist\assignment4-dist\build\win32_release\framework\framework.lib
c:\users\ceren\downloads\assignment4-dist\assignment4-dist\build\win32_release\framework\framework.tlog\cl.command.1.tlog
c:\users\ceren\downloads\assignment4-dist\assignment4-dist\build\win32_release\framework\framework.tlog\cl.read.1.tlog
c:\users\ceren\downloads\assignment4-dist\assignment4-dist\build\win32_release\framework\framework.tlog\cl.write.1.tlog
c:\users\ceren\downloads\assignment4-dist\assignment4-dist\build\win32_release\framework\framework.tlog\lib-link.read.1.tlog
c:\users\ceren\downloads\assignment4-dist\assignment4-dist\build\win32_release\framework\framework.tlog\lib-link.write.1.tlog
c:\users\ceren\downloads\assignment4-dist\assignment4-dist\build\win32_release\framework\framework.tlog\lib.command.1.tlog
